[    0.000000] Initializing cgroup subsys cpuset
[    0.000000] Initializing cgroup subsys cpu
[    0.000000] Initializing cgroup subsys cpuacct
[    0.000000] Linux version 4.4.0-170-generic (buildd@lcy01-amd64-019) (gcc version 5.4.0 20160609 (Ubuntu 5.4.0-6ubuntu1~16.04.12) ) #199-Ubuntu SMP Thu Nov 14 01:45:04 UTC 2019 (Ubuntu 4.4.0-170.199-generic 4.4.200)
[    0.000000] Command line: BOOT_IMAGE=/boot/vmlinuz-4.4.0-170-generic root=LABEL=cloudimg-rootfs ro console=tty1 console=ttyS0
[    0.000000] KERNEL supported cpus:
[    0.000000]   Intel GenuineIntel
[    0.000000]   AMD AuthenticAMD
[    0.000000]   Centaur CentaurHauls
[    0.000000] x86/fpu: Legacy x87 FPU detected.
[    0.000000] e820: BIOS-provided physical RAM map:
[    0.000000] BIOS-e820: [mem 0x0000000000000000-0x000000000009fbff] usable
[    0.000000] BIOS-e820: [mem 0x000000000009fc00-0x000000000009ffff] reserved
[    0.000000] BIOS-e820: [mem 0x00000000000f0000-0x00000000000fffff] reserved
[    0.000000] BIOS-e820: [mem 0x0000000000100000-0x000000003ffeffff] usable
[    0.000000] BIOS-e820: [mem 0x000000003fff0000-0x000000003fffffff] ACPI data
[    0.000000] BIOS-e820: [mem 0x00000000fec00000-0x00000000fec00fff] reserved
[    0.000000] BIOS-e820: [mem 0x00000000fee00000-0x00000000fee00fff] reserved
[    0.000000] BIOS-e820: [mem 0x00000000fffc0000-0x00000000ffffffff] reserved
[    0.000000] NX (Execute Disable) protection: active
[    0.000000] SMBIOS 2.5 present.
[    0.000000] Hypervisor detected: KVM
[    0.000000] e820: last_pfn = 0x3fff0 max_arch_pfn = 0x400000000
[    0.000000] MTRR: Disabled
[    0.000000] x86/PAT: MTRRs disabled, skipping PAT initialization too.
[    0.000000] CPU MTRRs all blank - virtualized system.
[    0.000000] x86/PAT: Configuration [0-7]: WB  WT  UC- UC  WB  WT  UC- UC  
[    0.000000] found SMP MP-table at [mem 0x0009fff0-0x0009ffff] mapped at [ffff88000009fff0]
[    0.000000] Scanning 1 areas for low memory corruption
[    0.000000] RAMDISK: [mem 0x362fa000-0x37174fff]
[    0.000000] ACPI: Early table checksum verification disabled
[    0.000000] ACPI: RSDP 0x00000000000E0000 000024 (v02 VBOX  )
[    0.000000] ACPI: XSDT 0x000000003FFF0030 00003C (v01 VBOX   VBOXXSDT 00000001 ASL  00000061)
[    0.000000] ACPI: FACP 0x000000003FFF00F0 0000F4 (v04 VBOX   VBOXFACP 00000001 ASL  00000061)
[    0.000000] ACPI: DSDT 0x000000003FFF0470 0021FF (v02 VBOX   VBOXBIOS 00000002 INTL 20160831)
[    0.000000] ACPI: FACS 0x000000003FFF0200 000040
[    0.000000] ACPI: FACS 0x000000003FFF0200 000040
[    0.000000] ACPI: APIC 0x000000003FFF0240 00005C (v02 VBOX   VBOXAPIC 00000001 ASL  00000061)
[    0.000000] ACPI: SSDT 0x000000003FFF02A0 0001CC (v01 VBOX   VBOXCPUT 00000002 INTL 20160831)
[    0.000000] No NUMA configuration found
[    0.000000] Faking a node at [mem 0x0000000000000000-0x000000003ffeffff]
[    0.000000] NODE_DATA(0) allocated [mem 0x3ffeb000-0x3ffeffff]
[    0.000000] kvm-clock: Using msrs 4b564d01 and 4b564d00
[    0.000000] kvm-clock: cpu 0, msr 0:3ffe3001, primary cpu clock
[    0.000000] kvm-clock: using sched offset of 5191720883 cycles
[    0.000000] clocksource: kvm-clock: mask: 0xffffffffffffffff max_cycles: 0x1cd42e4dffb, max_idle_ns: 881590591483 ns
[    0.000000] Zone ranges:
[    0.000000]   DMA      [mem 0x0000000000001000-0x0000000000ffffff]
[    0.000000]   DMA32    [mem 0x0000000001000000-0x000000003ffeffff]
[    0.000000]   Normal   empty
[    0.000000]   Device   empty
[    0.000000] Movable zone start for each node
[    0.000000] Early memory node ranges
[    0.000000]   node   0: [mem 0x0000000000001000-0x000000000009efff]
[    0.000000]   node   0: [mem 0x0000000000100000-0x000000003ffeffff]
[    0.000000] Initmem setup node 0 [mem 0x0000000000001000-0x000000003ffeffff]
[    0.000000] ACPI: PM-Timer IO Port: 0x4008
[    0.000000] IOAPIC[0]: apic_id 2, version 32, address 0xfec00000, GSI 0-23
[    0.000000] ACPI: INT_SRC_OVR (bus 0 bus_irq 0 global_irq 2 dfl dfl)
[    0.000000] ACPI: INT_SRC_OVR (bus 0 bus_irq 9 global_irq 9 high level)
[    0.000000] Using ACPI (MADT) for SMP configuration information
[    0.000000] smpboot: Allowing 2 CPUs, 0 hotplug CPUs
[    0.000000] PM: Registered nosave memory: [mem 0x00000000-0x00000fff]
[    0.000000] PM: Registered nosave memory: [mem 0x0009f000-0x0009ffff]
[    0.000000] PM: Registered nosave memory: [mem 0x000a0000-0x000effff]
[    0.000000] PM: Registered nosave memory: [mem 0x000f0000-0x000fffff]
[    0.000000] e820: [mem 0x40000000-0xfebfffff] available for PCI devices
[    0.000000] Booting paravirtualized kernel on KVM
[    0.000000] clocksource: refined-jiffies: mask: 0xffffffff max_cycles: 0xffffffff, max_idle_ns: 7645519600211568 ns
[    0.000000] setup_percpu: NR_CPUS:512 nr_cpumask_bits:512 nr_cpu_ids:2 nr_node_ids:1
[    0.000000] PERCPU: Embedded 33 pages/cpu @ffff88003fc00000 s95448 r8192 d31528 u1048576
[    0.000000] Built 1 zonelists in Node order, mobility grouping on.  Total pages: 257912
[    0.000000] Policy zone: DMA32
[    0.000000] Kernel command line: BOOT_IMAGE=/boot/vmlinuz-4.4.0-170-generic root=LABEL=cloudimg-rootfs ro console=tty1 console=ttyS0
[    0.000000] PID hash table entries: 4096 (order: 3, 32768 bytes)
[    0.000000] Memory: 997728K/1048120K available (8626K kernel code, 1336K rwdata, 4036K rodata, 1488K init, 1288K bss, 50392K reserved, 0K cma-reserved)
[    0.000000] SLUB: HWalign=64, Order=0-3, MinObjects=0, CPUs=2, Nodes=1
[    0.000000] Kernel/User page tables isolation: enabled
[    0.000000] Hierarchical RCU implementation.
[    0.000000] 	Build-time adjustment of leaf fanout to 64.
[    0.000000] 	RCU restricting CPUs from NR_CPUS=512 to nr_cpu_ids=2.
[    0.000000] RCU: Adjusting geometry for rcu_fanout_leaf=64, nr_cpu_ids=2
[    0.000000] NR_IRQS:33024 nr_irqs:440 16
[    0.000000] Console: colour VGA+ 80x25
[    0.000000] console [tty1] enabled
[    0.000000] console [ttyS0] enabled
[    0.000000] tsc: Detected 3199.922 MHz processor
[    0.744610] Calibrating delay loop (skipped) preset value.. 6399.84 BogoMIPS (lpj=12799688)
[    0.748290] pid_max: default: 32768 minimum: 301
[    0.750406] ACPI: Core revision 20150930
[    0.801310] ACPI: 2 ACPI AML tables successfully acquired and loaded
[    0.803225] Security Framework initialized
[    0.804471] Yama: becoming mindful.
[    0.805681] AppArmor: AppArmor initialized
[    0.807113] Dentry cache hash table entries: 131072 (order: 8, 1048576 bytes)
[    0.809472] Inode-cache hash table entries: 65536 (order: 7, 524288 bytes)
[    0.898453] Mount-cache hash table entries: 2048 (order: 2, 16384 bytes)
[    0.982648] Mountpoint-cache hash table entries: 2048 (order: 2, 16384 bytes)
[    0.985647] Initializing cgroup subsys io
[    1.040550] Initializing cgroup subsys memory
[    1.070821] Initializing cgroup subsys devices
[    1.072134] Initializing cgroup subsys freezer
[    1.108123] Initializing cgroup subsys net_cls
[    1.111111] Initializing cgroup subsys perf_event
[    1.112484] Initializing cgroup subsys net_prio
[    1.113826] Initializing cgroup subsys hugetlb
[    1.115133] Initializing cgroup subsys pids
[    1.116504] mce: CPU supports 0 MCE banks
[    1.117792] Last level iTLB entries: 4KB 128, 2MB 4, 4MB 4
[    1.119283] Last level dTLB entries: 4KB 256, 2MB 0, 4MB 32, 1GB 0
[    1.120908] Spectre V1 : Mitigation: usercopy/swapgs barriers and __user pointer sanitization
[    1.179000] Spectre V2 : Mitigation: Full generic retpoline
[    1.251704] Spectre V2 : Spectre v2 / SpectreRSB mitigation: Filling RSB on context switch
[    1.319890] Speculative Store Bypass: Vulnerable
[    1.321985] MDS: Vulnerable: Clear CPU buffers attempted, no microcode
[    1.342041] Freeing SMP alternatives memory: 36K
[    1.397734] ftrace: allocating 32302 entries in 127 pages
[    1.465650] smpboot: APIC(0) Converting physical 0 to logical package 0
[    1.473880] smpboot: Max logical packages: 1
[    1.475720] x2apic enabled
[    1.477192] Switched APIC routing to physical x2apic.
[    1.480838] ..TIMER: vector=0x30 apic1=0 pin1=2 apic2=-1 pin2=-1
[    1.590586] smpboot: CPU0: Intel Pentium(R) Dual-Core  CPU      E5800  @ 3.20GHz (family: 0x6, model: 0x17, stepping: 0xa)
[    1.599250] Performance Events: unsupported p6 CPU model 23 no PMU driver, software events only.
[    1.695406] KVM setup paravirtual spinlock
[    1.703521] x86: Booting SMP configuration:
[    1.705898] .... node  #0, CPUs:      #1
[    1.707147] kvm-clock: cpu 1, msr 0:3ffe3041, secondary cpu clock
[    1.708770] mce: CPU supports 0 MCE banks
[    1.711782] x86: Booted up 1 node, 2 CPUs
[    1.714505] smpboot: Total of 2 processors activated (12799.68 BogoMIPS)
[    1.716806] devtmpfs: initialized
[    1.721322] evm: security.selinux
[    1.722423] evm: security.SMACK64
[    1.723509] evm: security.SMACK64EXEC
[    1.724677] evm: security.SMACK64TRANSMUTE
[    1.725915] evm: security.SMACK64MMAP
[    1.727071] evm: security.ima
[    1.728097] evm: security.capability
[    1.729454] clocksource: jiffies: mask: 0xffffffff max_cycles: 0xffffffff, max_idle_ns: 7645041785100000 ns
[    1.733553] futex hash table entries: 512 (order: 3, 32768 bytes)
[    1.735373] pinctrl core: initialized pinctrl subsystem
[    1.739386] RTC time: 14:29:05, date: 12/15/19
[    1.742205] NET: Registered protocol family 16
[    1.754003] cpuidle: using governor ladder
[    1.765669] cpuidle: using governor menu
[    1.773103] PCCT header not found.
[    1.774955] ACPI: bus type PCI registered
[    1.777012] acpiphp: ACPI Hot Plug PCI Controller Driver version: 0.5
[    1.780084] PCI: Using configuration type 1 for base access
[    1.799092] ACPI: Added _OSI(Module Device)
[    1.801248] ACPI: Added _OSI(Processor Device)
[    1.803423] ACPI: Added _OSI(3.0 _SCP Extensions)
[    1.805825] ACPI: Added _OSI(Processor Aggregator Device)
[    1.811138] ACPI: Executed 1 blocks of module-level executable AML code
[    1.818687] ACPI: Interpreter enabled
[    1.820374] ACPI: (supports S0 S5)
[    1.821883] ACPI: Using IOAPIC for interrupt routing
[    1.824063] PCI: Using host bridge windows from ACPI; if necessary, use "pci=nocrs" and report a bug
[    1.833702] ACPI: PCI Root Bridge [PCI0] (domain 0000 [bus 00-ff])
[    1.836479] acpi PNP0A03:00: _OSC: OS supports [ASPM ClockPM Segments MSI]
[    1.839758] acpi PNP0A03:00: _OSC: not requesting OS control; OS requires [ExtendedConfig ASPM ClockPM MSI]
[    1.845315] acpi PNP0A03:00: fail to add MMCONFIG information, can't access extended PCI configuration space under this bridge.
[    1.851649] PCI host bridge to bus 0000:00
[    1.853930] pci_bus 0000:00: root bus resource [io  0x0000-0x0cf7 window]
[    1.857216] pci_bus 0000:00: root bus resource [io  0x0d00-0xffff window]
[    1.860570] pci_bus 0000:00: root bus resource [mem 0x000a0000-0x000bffff window]
[    1.866405] pci_bus 0000:00: root bus resource [mem 0x40000000-0xffdfffff window]
[    1.880471] pci_bus 0000:00: root bus resource [bus 00-ff]
[    1.895812] pci 0000:00:01.1: legacy IDE quirk: reg 0x10: [io  0x01f0-0x01f7]
[    1.968251] pci 0000:00:01.1: legacy IDE quirk: reg 0x14: [io  0x03f6]
[    1.969959] pci 0000:00:01.1: legacy IDE quirk: reg 0x18: [io  0x0170-0x0177]
[    1.986146] pci 0000:00:01.1: legacy IDE quirk: reg 0x1c: [io  0x0376]
[    2.060675] pci 0000:00:07.0: quirk: [io  0x4000-0x403f] claimed by PIIX4 ACPI
[    2.070297] pci 0000:00:07.0: quirk: [io  0x4100-0x410f] claimed by PIIX4 SMB
[    2.107941] ACPI: PCI Interrupt Link [LNKA] (IRQs 5 9 10 *11)
[    2.116053] ACPI: PCI Interrupt Link [LNKB] (IRQs 5 9 10 *11)
[    2.118552] ACPI: PCI Interrupt Link [LNKC] (IRQs 5 9 *10 11)
[    2.143741] ACPI: PCI Interrupt Link [LNKD] (IRQs 5 *9 10 11)
[    2.147408] ACPI: Enabled 2 GPEs in block 00 to 07
[    2.150197] vgaarb: setting as boot device: PCI:0000:00:02.0
[    2.153263] vgaarb: device added: PCI:0000:00:02.0,decodes=io+mem,owns=io+mem,locks=none
[    2.156069] vgaarb: loaded
[    2.157218] vgaarb: bridge control possible 0000:00:02.0
[    2.159685] SCSI subsystem initialized
[    2.161556] ACPI: bus type USB registered
[    2.164149] usbcore: registered new interface driver usbfs
[    2.172210] usbcore: registered new interface driver hub
[    2.173946] usbcore: registered new device driver usb
[    2.176032] PCI: Using ACPI for IRQ routing
[    2.178908] NetLabel: Initializing
[    2.181275] NetLabel:  domain hash size = 128
[    2.182781] NetLabel:  protocols = UNLABELED CIPSOv4
[    2.184424] NetLabel:  unlabeled traffic allowed by default
[    2.186670] amd_nb: Cannot enumerate AMD northbridges
[    2.190426] clocksource: Switched to clocksource kvm-clock
[    2.210554] AppArmor: AppArmor Filesystem Enabled
[    2.217812] pnp: PnP ACPI init
[    2.220281] pnp: PnP ACPI: found 3 devices
[    2.234029] clocksource: acpi_pm: mask: 0xffffff max_cycles: 0xffffff, max_idle_ns: 2085701024 ns
[    2.242477] NET: Registered protocol family 2
[    2.244636] TCP established hash table entries: 8192 (order: 4, 65536 bytes)
[    2.247884] TCP bind hash table entries: 8192 (order: 5, 131072 bytes)
[    2.249940] TCP: Hash tables configured (established 8192 bind 8192)
[    2.257322] UDP hash table entries: 512 (order: 2, 16384 bytes)
[    2.258972] UDP-Lite hash table entries: 512 (order: 2, 16384 bytes)
[    2.260813] NET: Registered protocol family 1
[    2.262180] pci 0000:00:00.0: Limiting direct PCI/PCI transfers
[    2.263809] pci 0000:00:01.0: Activating ISA DMA hang workarounds
[    2.265789] Unpacking initramfs...
[    2.587697] Freeing initrd memory: 14828K
[    2.594780] clocksource: tsc: mask: 0xffffffffffffffff max_cycles: 0x2e200075798, max_idle_ns: 440795351907 ns
[    2.600508] platform rtc_cmos: registered platform RTC device (no PNP device found)
[    2.602994] Scanning for low memory corruption every 60 seconds
[    2.605145] audit: initializing netlink subsys (disabled)
[    2.608049] audit: type=2000 audit(1576420151.553:1): initialized
[    2.610079] Initialise system trusted keyring
[    2.616997] HugeTLB registered 2 MB page size, pre-allocated 0 pages
[    2.622053] zbud: loaded
[    2.624603] VFS: Disk quotas dquot_6.6.0
[    2.627758] VFS: Dquot-cache hash table entries: 512 (order 0, 4096 bytes)
[    2.635205] squashfs: version 4.0 (2009/01/31) Phillip Lougher
[    2.637297] fuse init (API version 7.23)
[    2.640429] Key type big_key registered
[    2.641684] Allocating IMA MOK and blacklist keyrings.
[    2.645206] Key type asymmetric registered
[    2.648792] Asymmetric key parser 'x509' registered
[    2.650266] Block layer SCSI generic (bsg) driver version 0.4 loaded (major 249)
[    2.652771] io scheduler noop registered
[    2.655214] io scheduler deadline registered (default)
[    2.659997] io scheduler cfq registered
[    2.661368] pci_hotplug: PCI Hot Plug PCI Core version: 0.5
[    2.662938] pciehp: PCI Express Hot Plug Controller Driver version: 0.4
[    2.664907] ACPI: AC Adapter [AC] (on-line)
[    2.666275] input: Power Button as /devices/LNXSYSTM:00/LNXPWRBN:00/input/input0
[    2.668667] ACPI: Power Button [PWRF]
[    2.669944] input: Sleep Button as /devices/LNXSYSTM:00/LNXSLPBN:00/input/input1
[    2.690654] ACPI: Sleep Button [SLPF]
[    2.698610] GHES: HEST is not enabled!
[    2.704486] Serial: 8250/16550 driver, 32 ports, IRQ sharing enabled
[    2.731871] 00:02: ttyS0 at I/O 0x3f8 (irq = 4, base_baud = 115200) is a 16550A
[    2.743460] Linux agpgart interface v0.103
[    2.753411] loop: module loaded
[    2.766161] scsi host0: ata_piix
[    2.772848] scsi host1: ata_piix
[    2.775091] ata1: PATA max UDMA/33 cmd 0x1f0 ctl 0x3f6 bmdma 0xd000 irq 14
[    2.776882] ata2: PATA max UDMA/33 cmd 0x170 ctl 0x376 bmdma 0xd008 irq 15
[    2.778872] libphy: Fixed MDIO Bus: probed
[    2.781265] tun: Universal TUN/TAP device driver, 1.6
[    2.783831] tun: (C) 1999-2004 Max Krasnyansky <maxk@qualcomm.com>
[    2.785653] PPP generic driver version 2.4.2
[    2.788230] ehci_hcd: USB 2.0 'Enhanced' Host Controller (EHCI) Driver
[    2.789972] ehci-pci: EHCI PCI platform driver
[    2.791375] ehci-platform: EHCI generic platform driver
[    2.792869] ohci_hcd: USB 1.1 'Open' Host Controller (OHCI) Driver
[    2.800907] ohci-pci: OHCI PCI platform driver
[    2.802248] ohci-platform: OHCI generic platform driver
[    2.803816] uhci_hcd: USB Universal Host Controller Interface driver
[    2.805596] i8042: PNP: PS/2 Controller [PNP0303:PS2K,PNP0f03:PS2M] at 0x60,0x64 irq 1,12
[    2.808771] serio: i8042 KBD port at 0x60,0x64 irq 1
[    2.812941] serio: i8042 AUX port at 0x60,0x64 irq 12
[    2.814715] mousedev: PS/2 mouse device common for all mice
[    2.820555] input: AT Translated Set 2 keyboard as /devices/platform/i8042/serio0/input/input2
[    2.825670] rtc_cmos rtc_cmos: rtc core: registered rtc_cmos as rtc0
[    2.828572] rtc_cmos rtc_cmos: alarms up to one day, 114 bytes nvram
[    2.831997] i2c /dev entries driver
[    2.838578] device-mapper: uevent: version 1.0.3
[    2.840092] device-mapper: ioctl: 4.34.0-ioctl (2015-10-28) initialised: dm-devel@redhat.com
[    2.844530] ledtrig-cpu: registered to indicate activity on CPUs
[    2.846956] NET: Registered protocol family 10
[    2.855797] NET: Registered protocol family 17
[    2.859720] Key type dns_resolver registered
[    2.861677] registered taskstats version 1
[    2.864056] Loading compiled-in X.509 certificates
[    2.878235] Loaded X.509 cert 'Build time autogenerated kernel key: f0e56e97f406068ace47a9bf54316e9855aaaa43'
[    2.882626] zswap: loaded using pool lzo/zbud
[    2.899042] Key type trusted registered
[    2.944820] Key type encrypted registered
[    2.946889] AppArmor: AppArmor sha1 policy hashing enabled
[    2.949099] ima: No TPM chip found, activating TPM-bypass!
[    2.951413] ima: Allocated hash algorithm: sha1
[    2.953437] evm: HMAC attrs: 0x1
[    2.955910]   Magic number: 15:574:485
[    2.957763] rtc_cmos rtc_cmos: setting system clock to 2019-12-15 14:29:07 UTC (1576420147)
[    2.962151] BIOS EDD facility v0.16 2004-Jun-25, 0 devices found
[    2.964631] EDD information not available.
[    2.972191] Freeing unused kernel memory: 1488K
[    2.986659] Write protecting the kernel read-only data: 14336k
[    3.107843] Freeing unused kernel memory: 1604K
[    3.120829] Freeing unused kernel memory: 60K
Loading, please wait...
starting version 229
[    3.290984] random: systemd-udevd: uninitialized urandom read (16 bytes read, 2 bits of entropy available)
[    3.297830] random: systemd-udevd: uninitialized urandom read (16 bytes read, 2 bits of entropy available)
[    3.298314] random: udevadm: uninitialized urandom read (16 bytes read, 2 bits of entropy available)
[    3.298450] random: udevadm: uninitialized urandom read (16 bytes read, 2 bits of entropy available)
[    3.312597] random: systemd-udevd: uninitialized urandom read (16 bytes read, 2 bits of entropy available)
[    3.317522] random: systemd-udevd: uninitialized urandom read (16 bytes read, 2 bits of entropy available)
[    3.355706] random: systemd-udevd: uninitialized urandom read (16 bytes read, 2 bits of entropy available)
[    3.361466] random: systemd-udevd: uninitialized urandom read (16 bytes read, 2 bits of entropy available)
[    3.367958] random: systemd-udevd: uninitialized urandom read (16 bytes read, 2 bits of entropy available)
[    3.378619] random: systemd-udevd: uninitialized urandom read (16 bytes read, 2 bits of entropy available)
[    3.641404] Fusion MPT base driver 3.04.20
[    3.648118] Copyright (c) 1999-2008 LSI Corporation
[    3.680296] e1000: Intel(R) PRO/1000 Network Driver - version 7.3.21-k8-NAPI
[    3.683218] e1000: Copyright (c) 1999-2006 Intel Corporation.
[    3.715659] Fusion MPT SPI Host driver 3.04.20
[    3.904989] input: ImExPS/2 Generic Explorer Mouse as /devices/platform/i8042/serio1/input/input4
[    4.237672] e1000 0000:00:03.0 eth0: (PCI:33MHz:32-bit) 02:dd:45:a7:5d:a0
[    4.271776] e1000 0000:00:03.0 eth0: Intel(R) PRO/1000 Network Connection
[    4.286252] e1000 0000:00:03.0 enp0s3: renamed from eth0
[    4.293390] mptbase: ioc0: Initiating bringup
[    4.361756] ioc0: LSI53C1030 A0: Capabilities={Initiator}
[    4.537750] scsi host2: ioc0: LSI53C1030 A0, FwRev=00000000h, Ports=1, MaxQ=256, IRQ=20
[    4.682210] scsi 2:0:0:0: Direct-Access     VBOX     HARDDISK         1.0  PQ: 0 ANSI: 5
[    4.692524] scsi target2:0:0: Beginning Domain Validation
[    4.697398] scsi target2:0:0: Domain Validation skipping write tests
[    4.700841] scsi target2:0:0: Ending Domain Validation
[    4.703882] scsi target2:0:0: asynchronous
[    4.707715] scsi 2:0:1:0: Direct-Access     VBOX     HARDDISK         1.0  PQ: 0 ANSI: 5
[    4.714749] scsi target2:0:1: Beginning Domain Validation
[    4.719932] scsi target2:0:1: Domain Validation skipping write tests
[    4.723266] scsi target2:0:1: Ending Domain Validation
[    4.726250] scsi target2:0:1: asynchronous
[    4.743106] sd 2:0:0:0: [sda] 20971520 512-byte logical blocks: (10.7 GB/10.0 GiB)
[    4.743510] sd 2:0:0:0: Attached scsi generic sg0 type 0
[    4.747466] sd 2:0:1:0: Attached scsi generic sg1 type 0
[    4.750345] sd 2:0:1:0: [sdb] 20480 512-byte logical blocks: (10.5 MB/10.0 MiB)
[    4.750869] sd 2:0:1:0: [sdb] Write Protect is off
[    4.751078] sd 2:0:1:0: [sdb] Incomplete mode parameter data
[    4.751081] sd 2:0:1:0: [sdb] Assuming drive cache: write through
[    4.779551] sd 2:0:1:0: [sdb] Attached SCSI disk
[    4.841783] sd 2:0:0:0: [sda] Write Protect is off
[    4.845335] sd 2:0:0:0: [sda] Incomplete mode parameter data
[    4.847914] sd 2:0:0:0: [sda] Assuming drive cache: write through
[    4.862799]  sda: sda1
[    4.871704] sd 2:0:0:0: [sda] Attached SCSI disk
Begin: Loading e[    7.285240] md: linear personality registered for level -1
ssential drivers ... [    7.316670] md: multipath personality registered for level -4
[    7.345415] md: raid0 personality registered for level 0
[    7.431043] md: raid1 personality registered for level 1
[    7.602448] raid6: sse2x1   gen()  4881 MB/s
[    7.674432] raid6: sse2x1   xor()  5139 MB/s
[    7.746439] raid6: sse2x2   gen()  5833 MB/s
[    7.814434] raid6: sse2x2   xor()  6498 MB/s
[    7.886446] raid6: sse2x4   gen()  9208 MB/s
[    7.958430] raid6: sse2x4   xor()  7115 MB/s
[    7.970228] raid6: using algorithm sse2x4 gen() 9208 MB/s
[    7.971784] raid6: .... xor() 7115 MB/s, rmw enabled
[    7.978481] raid6: using ssse3x2 recovery algorithm
[    7.981914] xor: measuring software checksum speed
[    8.030427]    prefetch64-sse: 12653.000 MB/sec
[    8.074434]    generic_sse: 11276.000 MB/sec
[    8.083386] xor: using function: prefetch64-sse (12653.000 MB/sec)
[    8.086835] async_tx: api initialized (async)
[    8.124853] md: raid6 personality registered for level 6
[    8.127346] md: raid5 personality registered for level 5
[    8.129941] md: raid4 personality registered for level 4
[    8.206776] md: raid10 personality registered for level 10
done.
Begin: Running /scripts/init-premount ... done.
Begin: Mounting root file system ... Begin: Running /scripts/local-top ... done.
Begin: Running /scripts/local-premount ... [    8.366534] Btrfs loaded
Scanning for Btrfs filesystems
done.
Warning: fsck not present, so skipping root file system
[    8.685629] EXT4-fs (sda1): mounted filesystem with ordered data mode. Opts: (null)
done.
Begin: Running /scripts/local-bottom ... done.
Begin: Running /scripts/init-bottom ... done.
[    9.676065] random: nonblocking pool is initialized
[    9.763325] systemd[1]: systemd 229 running in system mode. (+PAM +AUDIT +SELINUX +IMA +APPARMOR +SMACK +SYSVINIT +UTMP +LIBCRYPTSETUP +GCRYPT +GNUTLS +ACL +XZ -LZ4 +SECCOMP +BLKID +ELFUTILS +KMOD -IDN)
[    9.933139] systemd[1]: Detected virtualization oracle.
[    9.941740] systemd[1]: Detected architecture x86-64.

Welcome to [1mUbuntu 16.04.6 LTS[0m!

[    9.980702] systemd[1]: Set hostname to <ubuntu>.
[   10.039704] systemd[1]: Initializing machine ID from random generator.
[   10.062452] systemd[1]: Installed transient /etc/machine-id file.
[   11.452811] systemd[1]: Listening on Journal Audit Socket.
[[0;32m  OK  [0m] Listening on Journal Audit Socket.
[   11.478222] systemd[1]: Reached target User and Group Name Lookups.
[[0;32m  OK  [0m] Reached target User and Group Name Lookups.
[   11.488288] systemd[1]: Listening on /dev/initctl Compatibility Named Pipe.
[[0;32m  OK  [0m] Listening on /dev/initctl Compatibility Named Pipe.
[   11.501668] systemd[1]: Created slice System Slice.
[[0;32m  OK  [0m] Created slice System Slice.
[   11.518646] systemd[1]: Created slice system-serial\x2dgetty.slice.
[[0;32m  OK  [0m] Created slice system-serial\x2dgetty.slice.
[   11.536790] systemd[1]: Reached target Swap.
[[0;32m  OK  [0m] Reached target Swap.
[   11.543052] systemd[1]: Set up automount Arbitrary Executable File Formats File System Automount Point.
[[0;32m  OK  [0m] Set up automount Arbitrary Executab...ats File System Automount Point.
[   11.562911] systemd[1]: Reached target Encrypted Volumes.
[[0;32m  OK  [0m] Reached target Encrypted Volumes.
[   11.568328] systemd[1]: Listening on Syslog Socket.
[[0;32m  OK  [0m] Listening on Syslog Socket.
[   11.572155] systemd[1]: Started Trigger resolvconf update for networkd DNS.
[[0;32m  OK  [0m] Started Trigger resolvconf update for networkd DNS.
[   11.586098] systemd[1]: Listening on LVM2 metadata daemon socket.
[[0;32m  OK  [0m] Listening on LVM2 metadata daemon socket.
[   11.613126] systemd[1]: Listening on Journal Socket (/dev/log).
[[0;32m  OK  [0m] Listening on Journal Socket (/dev/log).
[   11.617422] systemd[1]: Listening on Journal Socket.
[[0;32m  OK  [0m] Listening on Journal Socket.
[   11.643059] systemd[1]: Mounting POSIX Message Queue File System...
         Mounting POSIX Message Queue File System...
[   11.672789] systemd[1]: Starting Uncomplicated firewall...
         Starting Uncomplicated firewall...
[   11.759167] systemd[1]: Mounting Debug File System...
         Mounting Debug File System...
[   11.808812] systemd[1]: Starting Nameserver information manager...
         Starting Nameserver information manager...
[   11.831387] systemd[1]: Starting Create list of required static device nodes for the current kernel...
         Starting Create list of required st... nodes for the current kernel...
[   11.910537] systemd[1]: Starting Set console keymap...
         Starting Set console keymap...
[   11.943114] systemd[1]: Reached target System Time Synchronized.
[[0;32m  OK  [0m] Reached target System Time Synchronized.
[   11.971232] systemd[1]: Listening on udev Kernel Socket.
[[0;32m  OK  [0m] Listening on udev Kernel Socket.
[   11.996427] systemd[1]: Listening on udev Control Socket.
[[0;32m  OK  [0m] Listening on udev Control Socket.
[   12.071335] systemd[1]: Starting Load Kernel Modules...
         Starting Load Kernel Modules...
[   12.098142] systemd[1]: Created slice User and Session Slice.
[[0;32m  OK  [0m] Created slice User and Session Slice.
[   12.124097] systemd[1]: Reached target Slices.
[[0;32m  OK  [0m] Reached target Slices.
[   12.151390] systemd[1]: Started Forward Password Requests to Wall Directory Watch.
[[0;32m  OK  [0m] Started Forward Password Requests to Wall Directory Watch.
[   12.197606] systemd[1]: Listening on LVM2 poll daemon socket.
[[0;32m  OK  [0m] Listening on LVM2 poll daemon socket.
[   12.231794] Loading iSCSI transport class v2.0-870.
[   12.239454] systemd[1]: Starting Remount Root and Kernel File Systems...
         Starting Remount Root a[   12.273047] iscsi: registered transport (tcp)
nd Kernel File Systems...
[   12.315129] systemd[1]: Mounting Huge Pages File System...
         Mounting Huge Pages File System...
[   12.344209] systemd[1]: Listening on Device-mapper event daemon FIFOs.
[[0;32m  OK  [0m] Listening on Device-mapper event daemon FIFOs.
[   12.362545] EXT4-fs (sda1): re-mounted. Opts: (null)
[   12.388628] systemd[1]: Starting Monitoring of LVM2 mirrors, snapshots etc. using dmeventd or progress polling...
         Starting Monitoring of LVM2 mirrors... dmeventd or progress polling...
[   12.447662] systemd[1]: Starting Journal Service...
         Starting Journal Service...
[   12.519453] systemd[1]: Mounted POSIX Message Queue File System.
[[0;32m  OK  [0m] Mounted POSIX Message Queue File System.
[   12.539565] systemd[1]: Mounted Debug File System.
[[0;32m  OK  [0m] Mounted Debug Fi[   12.557922] iscsi: registered transport (iser)
le System.
[   12.582253] systemd[1]: Mounted Huge Pages File System.
[[0;32m  OK  [0m] Mounted Huge Pages File System.
[   12.623594] systemd[1]: Started Uncomplicated firewall.
[[0;32m  OK  [0m] Started Uncomplicated firewall.
[   12.663969] systemd[1]: Started Create list of required static device nodes for the current kernel.
[[0;32m  OK  [0m] Started Create list of required sta...ce nodes for the current kernel.
[   12.707965] systemd[1]: Started Set console keymap.
[[0;32m  OK  [0m] Started Set console keymap.
[   12.724060] systemd[1]: Started Load Kernel Modules.
[[0;32m  OK  [0m] Started Load Kernel Modules.
[   12.759868] systemd[1]: Started Remount Root and Kernel File Systems.
[[0;32m  OK  [0m] Started Remount Root and Kernel File Systems.
[   12.780357] systemd[1]: Started Nameserver information manager.
[[0;32m  OK  [0m] Started Nameserver information manager.
[   12.812145] systemd[1]: Started Journal Service.
[[0;32m  OK  [0m] Started Journal Service.
[[0;32m  OK  [0m] Started LVM2 metadata daemon.
         Starting Flush Journal to Persistent Storage...
         Starting Load/Save Random Seed...
         Starting udev Coldplug all Devices...
         Starting Apply Kernel Variables...
         Mounting FUSE Control File System...
         Starting Create Static Device Nodes in /dev...
[[0;32m  OK  [0m] Started Load/Save Random Seed.
[[0;32m  OK  [0m] Mounted FUSE Control File System.
[   13.147363] systemd-journald[389]: Received request to flush runtime journal from PID 1
[[0;32m  OK  [0m] Started Flush Journal to Persistent Storage.
[[0;32m  OK  [0m] Started Apply Kernel Variables.
[[0;32m  OK  [0m] Started Monitoring of LVM2 mirrors,...ng dmeventd or progress polling.
[[0;32m  OK  [0m] Started Create Static Device Nodes in /dev.
         Starting udev Kernel Device Manager...
[[0;32m  OK  [0m] Reached target Local File Systems (Pre).
[[0;32m  OK  [0m] Reached target Local File Systems.
         Starting Tell Plymouth To Write Out Runtime Data...
         Starting LSB: AppArmor initialization...
         Starting Commit a transient machine-id on disk...
         Starting Set console font and keymap...
         Starting Initial cloud-init job (pre-networking)...
         Starting Create Volatile Files and Directories...
[[0;32m  OK  [0m] Started udev Coldplug all Devices.
[[0;32m  OK  [0m] Started Tell Plymouth To Write Out Runtime Data.
[[0;32m  OK  [0m] Started Commit a transient machine-id on disk.
[[0;32m  OK  [0m] Started Create Volatile Files and Directories.
         Starting Update UTMP about System Boot/Shutdown...
[[0;32m  OK  [0m] Started Update UTMP about System Boot/Shutdown.
[[0;32m  OK  [0m] Started udev Kernel Device Manager.
[[0;32m  OK  [0m] Started Dispatch Password Requests to Console Directory Watch.
[[0;32m  OK  [0m] Found device /dev/ttyS0.
[[0;32m  OK  [0m] Listening on Load/Save RF Kill Switch Status /dev/rfkill Watch.
[[0;32m  OK  [0m] Started LSB: AppArmor initialization.
[[0;32m  OK  [0m] Started Set console font and keymap.
[[0;32m  OK  [0m] Created slice system-getty.slice.
[   20.266704] cloud-init[462]: Cloud-init v. 19.2-36-g059d049c-0ubuntu2~16.04.1 running 'init-local' at Sun, 15 Dec 2019 14:29:24 +0000. Up 18.43 seconds.
[[0;32m  OK  [0m] Started Initial cloud-init job (pre-networking).
[[0;32m  OK  [0m] Reached target Network (Pre).
         Starting Raise network interfaces...
[[0;32m  OK  [0m] Started Raise network interfaces.
         Starting Initial cloud-init job (metadata service crawler)...
[[0;32m  OK  [0m] Reached target Network.
[   27.471852] cloud-init[946]: Cloud-init v. 19.2-36-g059d049c-0ubuntu2~16.04.1 running 'init' at Sun, 15 Dec 2019 14:29:29 +0000. Up 23.50 seconds.
[   27.682357] cloud-init[946]: ci-info: ++++++++++++++++++++++++++++++++++++++Net device info++++++++++++++++++++++++++++++++++++++
[[0;32m  OK  [0m] Started Initial cloud-init job (metadata service crawler).
[[0;32m  OK  [0m] Reached target System Initialization.
[[0;32m  OK  [0m[   27.758836] cloud-init[946]: ci-info: +--------+------+----------------------------+---------------+--------+-------------------+] Started Message of the Day.
[[0;32m  OK  [0m] Listening on UUID daemon activation socket.
[   27.893391] cloud-init[946]: ci-info: | Device |  Up  |          Address           |      Mask     | Scope  |     Hw-Address    |
[   27.900097] cloud-init[946]: ci-info: +--------+------+----------------------------+---------------+--------+-------------------+
[[0;32m  OK  [0m] Listening on D-Bus System Message Bus Socket.
[
[   27.918472] cloud-init[946]: ci-info: | enp0s3 | True |         10.0.2.15          | 255.255.255.0 | global | 02:dd:45:a7:5d:a0 |
[0;32m  OK  [0m] Started Daily apt download activities.
[[0;32m  OK  [0m] Started Daily apt upgrade and clean activities.
[   27.946483]          Starting Socket activation for snappy daemon.
cloud-init[946]: ci-info: | enp0s3 | True | fe80::dd:45ff:fea7:5da0/64 |       .       |  link  | 02:dd:45:a7:5d:a0 |
[   27.967128] cloud-init[946]: ci-info: |   lo   | True |         127.0.0.1          |   255.0.0.0   |  host  |         .         |
[   28.008948] cloud-init[946]: ci-info: |   lo   | True |          ::1/128           |       .       |  host  |         .         |
[   28.031727] cloud-init[946]: ci-info: +--------+------+----------------------------+---------------+--------+-------------------+
[   28.038473] cloud-init[946]: ci-info: +++++++++++++++++++++++++++Route IPv4 info++++++++++++++++++++++++++++[[0;32m  OK  [0m] Started ACPI Events Check.
[[0;32m  OK  [0m] Reached target Paths.
[[0;32m  OK  [0m] Started Daily Cleanup of Temporary Directories.
[[0;32m  OK  [0m] Reached target Timers.
[[0;32m  OK  [0m] Listening on ACPID Listen Socket.

[   28.061518] cloud-init[946]: ci-info: +-------+-------------+----------+---------------+-----------+-------+
[   28.067397] cloud-init[946]: ci-info: | Route | Destination | Gateway  |    Genmask    | Interface | Flags |
[   28.076669] cloud-init[946]: ci-info: +-------+-------------+----------+---------------+-----------+-------+
[   28.086896] cloud-init[946]: ci-info: |   0   |   0.0.0.0   | 10.0.2.2 |    0.0.0.0    |   enp0s3  |   UG  |
[   28.092932] cloud-init[946]: ci-info: |   1   |   10.0.2.0  | 0.0.0.0  | 255.255.255.0 |   enp0s3  |   U   |
[   28.095063] cloud-init[946]: ci-info: +-------+-------------+----------+---------------+-----------+-------+         Starting LXD - unix socket.

[   28.114235] cloud-init[946]: ci-info: +++++++++++++++++++Route IPv6 info+++++++++++++++++++
[   28.140551] cloud-init[946]: ci-info: +-------+-------------+---------+-----------+-------+
[   28.170683] cloud-init[946]: ci-info: | Route | Destination | Gateway | Interface | Flags |
[   28.176091] [[0;32m  OK  [0m] Reached target Cloud-config availability.
cloud-init[946]: ci-info: +-------+-------------+---------+-----------+-------+
[   28.187058] cloud-init[946]: ci-info: |   0   |  fe80::/64  |    ::   |   enp0s3  |   U   |
[   28.196960] cloud-init[946]: ci-info: |   4   |   ff00::/8  |    ::   |   enp0s3  |   U   |
[   28.205930] cloud-init[946]: ci-info: +-------+-------------+---------+-----------+-------+
[   28.206460] cloud-init[946]: Generating public/private rsa key pair.
[   28.206719] cloud-init[946]: Your identification has been saved in /etc/ssh/ssh_host_rsa_key.
[   28.206941] cloud-init[946]: Your public key has been saved in /etc/ssh/ssh_host_rsa_key.pub.
[   28.207186] cloud-init[946]: The key fingerprint is:
[   28.207419] cloud-init[946]: SHA256:WpCJy+ynh/EVUTMCN3yx2eN9fKum6bPdBeU0vttrMxE root@ubuntu-xenial
[   28.207695] cloud-init[946]: The key's randomart image is:
[   28.207920] cloud-init[946]: +---[RSA 2048]----+
[   28.208129] cloud-init[946]: |      .o+.=.     |
[   28.208396] cloud-init[946]: |     . +oo.*     |
[   28.208625] cloud-init[946]: |    . +  oo o  .o|
[   28.208836] cloud-init[946]: |   o . ..  . o.E.|
[   28.209067] cloud-init[946]: |    +   S.  . o.*|
[[0;32m  OK  [0m] Reached target Network is Online.
[   28.210407] cloud-init[946]: |   ..  o.      ++|
[   28.343583]          Starting iSCSI initiator daemon (iscsid)...
cloud-init[946]: |    .+o.       oo|
[   28.364929] cloud-init[946]: |    .oo    .o.o++|
[   28.377827] cloud-init[946]: |    ..    .==o.+=|
[   28.397915] cloud-init[[0;32m  OK  [0m] Listening on Socket activation for snappy daemon.
[[0;32m  OK  [0m] Listening on LXD - unix socket.
[[0;32m  OK  [0m] Reached target Sockets.
[[0;32m  OK  [0m] Reached target Basic System.
[946]: +----[SHA256]-----+
[   28.433633] cloud-init[946]: Generating public/private dsa key pair.
[   28.485247] cloud-init         Starting LSB: MD monitoring daemon...
[946]: Your identification has been saved in /etc/ssh/ssh_host_dsa_key.
[   28.522179] cloud-init[946]: Your public key has been saved in /etc/ssh/ssh_host_dsa_key.pub.[
[0;32m  OK  [0m] Started Deferred execution scheduler.
[   28.588120]          Starting Snappy daemon...
cloud-init[946]: The key fingerprint is:
[   28.601673]          cloud-init[946]: SHA256:+VrUzw3pkMkLrSUGEsgEwvrIZOjs4eI+QoBUDzfCk1Y root@ubuntu-xenial
[   28.621954] cloud-initStarting Pollinate to seed the pseudo random number generator...[946]: The key's randomart image is:

[   28.642606] cloud-init[946]: +---[DSA 1024]----+
[   28.684695] cloud-init[946]: |o +B+E.          |
[   28.689256] cloud-init         Starting /etc/rc.local Compatibility...
[946]: | + =B ..         |
[   28.765859]          Starting Login Service...
cloud-init[946]: |= . ... .        |         Starting Virtualbox guest utils...

[   28.861820] cloud-init[946]: |=o     . o + o . |
[[0;32m  OK  [0m] Started D-Bus System Message Bus.
[   28.891017] cloud-init[946]: |Bo      S = O o  |
[   29.023832] cloud-init[946]: |.*.      + = * o |
[   29.033430] cloud-init[946]: |+ .       + . + .|
[   29.057412] cloud-init[946]: |o+       o       |
[   29.067084] cloud-init[946]: |=o.     .        |
[   29.069846] cloud-init[946]: +----[SHA256]-----+
[   29.156515] cloud-init[946]: Generating public/private ecdsa key pair.
[   29.243344] cloud-init[946]: Your identification has been saved in /etc/ssh/ssh_host_ecdsa_key.
[   29.319513] cloud-init[946]: Your public key has been saved in /etc/ssh/ssh_host_ecdsa_key.pub.
[   29.329018] cloud-init[946]: The key fingerprint is:
[   29.347599] cloud-init[946]: SHA256:TluM258foWVl26K8Y956WMx+vL2wh7ZlKWr+T9AiejE root@ubuntu-xenial
[   29.358697] cloud-init[946]: The key's randomart image is:
[   29.445239] cloud-init[946]: +---[ECDSA 256]---+
[   29.461072] cloud-init[946]: |                 |
[   29.471369] cloud-init[946]: |                 |
[   29.487362] cloud-init[946]: |                o|
[   29.491127] cloud-init[946]: |         o    .oo|
[   29.494399] cloud-init[946]: |        S oE ==o.|
[   29.504382] cloud-init[946]: |       o =..+=*o.|
[   29.508564] cloud-init[946]: |        +...+*o* |
[   29.512869] cloud-init[946]: |          .o=*Xo+|
[   29.519072] cloud-init[946]: |          o=OO*=+|
[   29.522039] cloud-init[946]: +----[SHA256]-----+
[   29.524862] cloud-init[946]: Generating public/private ed25519 key pair.
[   29.528144] cloud-init[946]: Your identification has been saved in /etc/ssh/ssh_host_ed25519_key.
[   29.543247] cloud-init[946]: Your public key has been saved in /etc/ssh/ssh_host_ed25519_key.pub.
[   29.547928] cloud-init[946]: The key fingerprint is:
[   29.552477] cloud-init[946]: SHA256:v/FLT8m25dF6qw44I4ys3CLvw2x2bsjebMoG1f+QIG0 root@ubuntu-xenial
[   29.565960] cloud-init[946]: The key's randomart image is:
[   29.609756] cloud-init[946]: +--[ED25519 256]--+
[   29.669256] cloud-init[946]: |                 |
[   29.720564] cloud-init[946]: |                 |
[   29.777648] cloud-init[946]: |    o            |
[   29.818186] cloud-init[946]: |   o E           |
[   29.845689] cloud-init[946]: |  . o o S        |
[   29.913608] cloud-init[946]: | .  . o+ ..  . ..|
[   29.918436] cloud-init[946]: |  = .o oo+o.. =.o|
[   29.932553] cloud-init[946]: | .o@=+  ..o=.+ =o|
[   29.958542] cloud-init[946]: |  OOO=    . ++=oo|
[   29.993220] cloud-init[946]: +----[SHA256]-----+
[[0;32m  OK  [0m] Started Regular background program processing daemon.
         Starting LSB: Record successful boot for GRUB...
[[0;32m  OK  [0m] Started ACPI event daemon.
[[0;32m  OK  [0m] Started FUSE filesystem for LXC.
         Starting LXD - container startup/shutdown...
         Starting Accounts Service...
         Starting System Logging Service...
[[0;32m  OK  [0m] Started /etc/rc.local Compatibility.
[[0;32m  OK  [0m] Started Login Service.
[[0;32m  OK  [0m] Started Unattended Upgrades Shutdown.
[[0;32m  OK  [0m] Started iSCSI initiator daemon (iscsid).
         Starting Login to default iSCSI targets...
[[0;32m  OK  [0m] Started LSB: Record successful boot for GRUB.
[[0;32m  OK  [0m] Started System Logging Service.
[[0;32m  OK  [0m] Started Login to default iSCSI targets.
[[0;32m  OK  [0m] Started LSB: MD monitoring daemon.
[[0;32m  OK  [0m] Reached target Remote File Systems (Pre).
[[0;32m  OK  [0m] Reached target Remote File Systems.
         Starting LSB: automatic crash report generation...
         Starting LSB: Set the CPU Frequency Scaling governor to "ondemand"...
         Starting LSB: daemon to balance interrupts for SMP systems...
         Starting Permit User Sessions...
[[0;32m  OK  [0m] Started Permit User Sessions.
         Starting Terminate Plymouth Boot Screen...
         Starting Hold until boot process finishes up...
[[0;32m  OK  [0m] Started Terminate Plymouth Boot Screen.
[[0;32m  OK  [0m] Started Hold until boot process finishes up.
         Starting Authenticate and Authorize Users to Run Privileged Tasks...
[[0;32m  OK  [0m] Started Serial Getty on ttyS0.
[[0;32m  OK  [0m] Started Getty on tty1.
[[0;32m  OK  [0m] Reached target Login Prompts.
         Starting Set console scheme...
[[0;32m  OK  [0m] Started Set console scheme.
[[0;32m  OK  [0m] Started LSB: Set the CPU Frequency Scaling governor to "ondemand".
[[0;32m  OK  [0m] Started Virtualbox guest utils.
[[0;32m  OK  [0m] Started Authenticate and Authorize Users to Run Privileged Tasks.
[[0;32m  OK  [0m] Started Accounts Service.
[[0;32m  OK  [0m] Started LSB: automatic crash report generation.
[[0;32m  OK  [0m] Started LSB: daemon to balance interrupts for SMP systems.
[[0;32m  OK  [0m] Started Snappy daemon.
[[0;32m  OK  [0m] Started LXD - container startup/shutdown.
         Starting Wait until snapd is fully seeded...
[[0;32m  OK  [0m] Started Pollinate to seed the pseudo random number generator.
         Starting OpenBSD Secure Shell server...
[[0;32m  OK  [0m] Started OpenBSD Secure Shell server.
[[0;32m  OK  [0m] Created slice User Slice of vagrant.
         Starting User Manager for UID 1000...
[[0;32m  OK  [0m] Started Session 1 of user vagrant.
[[0;32m  OK  [0m] Started User Manager for UID 1000.

Ubuntu 16.04.6 LTS ubuntu-xenial ttyS0

ubuntu-xenial login: [   42.016035] cloud-init[1390]: Generating locales (this might take a while)...
[   45.799277] cloud-init[1390]:   en_US.UTF-8... done
[   45.809793] cloud-init[1390]: Generation complete.
[   48.419864] cloud-init[1390]: Cloud-init v. 19.2-36-g059d049c-0ubuntu2~16.04.1 running 'modules:config' at Sun, 15 Dec 2019 14:29:47 +0000. Up 41.14 seconds.
ci-info: no authorized ssh keys fingerprints found for user ubuntu.
<14>Dec 15 14:29:56 ec2: 
<14>Dec 15 14:29:56 ec2: #############################################################
<14>Dec 15 14:29:56 ec2: -----BEGIN SSH HOST KEY FINGERPRINTS-----
<14>Dec 15 14:29:56 ec2: 1024 SHA256:+VrUzw3pkMkLrSUGEsgEwvrIZOjs4eI+QoBUDzfCk1Y root@ubuntu-xenial (DSA)
<14>Dec 15 14:29:56 ec2: 256 SHA256:TluM258foWVl26K8Y956WMx+vL2wh7ZlKWr+T9AiejE root@ubuntu-xenial (ECDSA)
<14>Dec 15 14:29:56 ec2: 256 SHA256:v/FLT8m25dF6qw44I4ys3CLvw2x2bsjebMoG1f+QIG0 root@ubuntu-xenial (ED25519)
<14>Dec 15 14:29:56 ec2: 2048 SHA256:WpCJy+ynh/EVUTMCN3yx2eN9fKum6bPdBeU0vttrMxE root@ubuntu-xenial (RSA)
<14>Dec 15 14:29:56 ec2: -----END SSH HOST KEY FINGERPRINTS-----
<14>Dec 15 14:29:56 ec2: #############################################################
-----BEGIN SSH HOST KEY KEYS-----
ecdsa-sha2-nistp256 AAAAE2VjZHNhLXNoYTItbmlzdHAyNTYAAAAIbmlzdHAyNTYAAABBBF3sIg80tHt0mNPPCl0TjqTuL3IJ8t0fhk1Tfg7YHszhrNaC0hLekmRonzPwAveYbwihcs5Vjjdo4PLysz4eDEU= root@ubuntu-xenial
ssh-ed25519 AAAAC3NzaC1lZDI1NTE5AAAAIHjHQTKw/Ycent0q/kPcfGA18gxuj9PLUJhg5wUepGKO root@ubuntu-xenial
ssh-rsa AAAAB3NzaC1yc2EAAAADAQABAAABAQDjuKT6/RvvcJ8URRZb0cMQkladOhYMl5sM1hsC3c3Gzff9zg1CYZxGBnFSHepJDz3dmw1AS3ywgmk770o7gXdsNUunobKOiD09VsoX0IW2jy9PVqR4k0+9EnIZjgyQwxH/5d3k6rWVibP/1FssN4LpmuMMQ2avqcYU3in8V/6rS4jpJIQ5kTZ0/zXMA8/lcDS0sFh3TgorYJUQ4gk8l+INDShOBc1FCcc112rUOniDyTQHWO4dXqcv6Q1ZUWsFiGB8jSDdnjkPFieyEOO89FkYJzI8exR9Mexd21Xy8cZPV4cvTQtIZoC4bZJpcJ1OMGwNpgL0DXCl3diz/ksMh7IL root@ubuntu-xenial
-----END SSH HOST KEY KEYS-----
[   50.362418] cloud-init[1613]: Cloud-init v. 19.2-36-g059d049c-0ubuntu2~16.04.1 running 'modules:final' at Sun, 15 Dec 2019 14:29:55 +0000. Up 49.73 seconds.
[   50.373186] cloud-init[1613]: ci-info: no authorized ssh keys fingerprints found for user ubuntu.
[   50.373954] cloud-init[1613]: Cloud-init v. 19.2-36-g059d049c-0ubuntu2~16.04.1 finished at Sun, 15 Dec 2019 14:29:56 +0000. Datasource DataSourceNoCloud [seed=/dev/sdb][dsmode=net].  Up 50.28 seconds
